log started: Thu May 19 19:38:25 2022

Log file: ./leap.log
>> #
>> # ----- leaprc for loading the ff14SB force field
>> # ----- NOTE: this is designed for PDB format 3!
>> #
>> #	load atom type hybridizations
>> #
>> addAtomTypes {
>> 	{ "H"   "H" "sp3" }
>> 	{ "HO"  "H" "sp3" }
>> 	{ "HS"  "H" "sp3" }
>> 	{ "H1"  "H" "sp3" }
>> 	{ "H2"  "H" "sp3" }
>> 	{ "H3"  "H" "sp3" }
>> 	{ "H4"  "H" "sp3" }
>> 	{ "H5"  "H" "sp3" }
>> 	{ "HW"  "H" "sp3" }
>> 	{ "HC"  "H" "sp3" }
>> 	{ "HA"  "H" "sp3" }
>> 	{ "HP"  "H" "sp3" }
>> 	{ "HZ"  "H" "sp3" }
>> 	{ "OH"  "O" "sp3" }
>> 	{ "OS"  "O" "sp3" }
>> 	{ "O"   "O" "sp2" }
>> 	{ "O2"  "O" "sp2" }
>> 	{ "O" "O" "sp2" }
>>         { "O3" "O" "sp2" }
>>         { "O2" "O" "sp2" }
>>         { "OW" "O" "sp3" }
>>         { "OP"  "O" "sp2" }
>> 	{ "OW"  "O" "sp3" }
>> 	{ "CT"  "C" "sp3" }
>> 	{ "CX"  "C" "sp3" }
>> 	{ "C8"  "C" "sp3" }
>> 	{ "2C"  "C" "sp3" }
>> 	{ "3C"  "C" "sp3" }
>> 	{ "CH"  "C" "sp3" }
>> 	{ "CS"  "C" "sp2" }
>> 	{ "C"   "C" "sp2" }
>> 	{ "CO"   "C" "sp2" }
>> 	{ "C*"  "C" "sp2" }
>> 	{ "CA"  "C" "sp2" }
>> 	{ "CB"  "C" "sp2" }
>> 	{ "CC"  "C" "sp2" }
>> 	{ "CN"  "C" "sp2" }
>> 	{ "CM"  "C" "sp2" }
>> 	{ "CK"  "C" "sp2" }
>> 	{ "CQ"  "C" "sp2" }
>> 	{ "CD"  "C" "sp2" }
>> 	{ "C5"  "C" "sp2" }
>> 	{ "C4"  "C" "sp2" }
>> 	{ "CP"  "C" "sp2" }
>> 	{ "CI"  "C" "sp3" }
>> 	{ "CJ"  "C" "sp2" }
>> 	{ "CW"  "C" "sp2" }
>> 	{ "CV"  "C" "sp2" }
>> 	{ "CR"  "C" "sp2" }
>> 	{ "CA"  "C" "sp2" }
>> 	{ "CY"  "C" "sp2" }
>> 	{ "C0"  "Ca" "sp3" }
>> 	{ "MG"  "Mg" "sp3" }
>> 	{ "N"   "N" "sp2" }
>> 	{ "NA"  "N" "sp2" }
>> 	{ "N2"  "N" "sp2" }
>> 	{ "N*"  "N" "sp2" }
>> 	{ "NP"  "N" "sp2" }
>> 	{ "NQ"  "N" "sp2" }
>> 	{ "NB"  "N" "sp2" }
>> 	{ "NC"  "N" "sp2" }
>> 	{ "NT"  "N" "sp3" }
>> 	{ "NY"  "N" "sp2" }
>> 	{ "N3"  "N" "sp3" }
>> 	{ "S"   "S" "sp3" }
>> 	{ "SH"  "S" "sp3" }
>> 	{ "P"   "P" "sp3" }
>> 	{ "LP"  ""  "sp3" }
>> 	{ "EP"  ""  "sp3" }
>> 	{ "F"   "F" "sp3" }
>> 	{ "Cl"  "Cl" "sp3" }
>> 	{ "Br"  "Br" "sp3" }
>> 	{ "I"   "I"  "sp3" }
>> }
>> #
>> #	Load the main parameter set.
>> #
>> parm10 = loadamberparams parm10.dat
Loading parameters: /home/biofisica2020/amber20/amber20_src/dat/leap/parm/parm10.dat
Reading title:
PARM99 + frcmod.ff99SB + frcmod.parmbsc0 + OL3 for RNA
>> frcmod14SB = loadamberparams frcmod.ff14SB
Loading parameters: /home/biofisica2020/amber20/amber20_src/dat/leap/parm/frcmod.ff14SB
Reading force field modification type file (frcmod)
Reading title:
ff14SB protein backbone and sidechain parameters
>> #
>> #	Load main chain and terminating amino acid libraries
>> #
>> loadOff amino12.lib
Loading library: /home/biofisica2020/amber20/amber20_src/dat/leap/lib/amino12.lib
Loading: ALA
Loading: ARG
Loading: ASH
Loading: ASN
Loading: ASP
Loading: CYM
Loading: CYS
Loading: CYX
Loading: GLH
Loading: GLN
Loading: GLU
Loading: GLY
Loading: HID
Loading: HIE
Loading: HIP
Loading: HYP
Loading: ILE
Loading: LEU
Loading: LYN
Loading: LYS
Loading: MET
Loading: PHE
Loading: PRO
Loading: SER
Loading: THR
Loading: TRP
Loading: TYR
Loading: VAL
>> loadOff aminoct12.lib
Loading library: /home/biofisica2020/amber20/amber20_src/dat/leap/lib/aminoct12.lib
Loading: CALA
Loading: CARG
Loading: CASN
Loading: CASP
Loading: CCYS
Loading: CCYX
Loading: CGLN
Loading: CGLU
Loading: CGLY
Loading: CHID
Loading: CHIE
Loading: CHIP
Loading: CHYP
Loading: CILE
Loading: CLEU
Loading: CLYS
Loading: CMET
Loading: CPHE
Loading: CPRO
Loading: CSER
Loading: CTHR
Loading: CTRP
Loading: CTYR
Loading: CVAL
Loading: NHE
Loading: NME
>> loadOff aminont12.lib
Loading library: /home/biofisica2020/amber20/amber20_src/dat/leap/lib/aminont12.lib
Loading: ACE
Loading: NALA
Loading: NARG
Loading: NASN
Loading: NASP
Loading: NCYS
Loading: NCYX
Loading: NGLN
Loading: NGLU
Loading: NGLY
Loading: NHID
Loading: NHIE
Loading: NHIP
Loading: NILE
Loading: NLEU
Loading: NLYS
Loading: NMET
Loading: NPHE
Loading: NPRO
Loading: NSER
Loading: NTHR
Loading: NTRP
Loading: NTYR
Loading: NVAL
>> 
>> #
>> #	Define the PDB name map for the amino acids
>> #
>> addPdbResMap {
>>   { 0 "HYP" "HYP" } { 1 "HYP" "CHYP" }
>>   { 0 "ALA" "NALA" } { 1 "ALA" "CALA" }
>>   { 0 "ARG" "NARG" } { 1 "ARG" "CARG" }
>>   { 0 "ASN" "NASN" } { 1 "ASN" "CASN" }
>>   { 0 "ASP" "NASP" } { 1 "ASP" "CASP" }
>>   { 0 "CYS" "NCYS" } { 1 "CYS" "CCYS" }
>>   { 0 "CYX" "NCYX" } { 1 "CYX" "CCYX" }
>>   { 0 "GLN" "NGLN" } { 1 "GLN" "CGLN" }
>>   { 0 "GLU" "NGLU" } { 1 "GLU" "CGLU" }
>>   { 0 "GLY" "NGLY" } { 1 "GLY" "CGLY" }
>>   { 0 "HID" "NHID" } { 1 "HID" "CHID" }
>>   { 0 "HIE" "NHIE" } { 1 "HIE" "CHIE" }
>>   { 0 "HIP" "NHIP" } { 1 "HIP" "CHIP" }
>>   { 0 "ILE" "NILE" } { 1 "ILE" "CILE" }
>>   { 0 "LEU" "NLEU" } { 1 "LEU" "CLEU" }
>>   { 0 "LYS" "NLYS" } { 1 "LYS" "CLYS" }
>>   { 0 "MET" "NMET" } { 1 "MET" "CMET" }
>>   { 0 "PHE" "NPHE" } { 1 "PHE" "CPHE" }
>>   { 0 "PRO" "NPRO" } { 1 "PRO" "CPRO" }
>>   { 0 "SER" "NSER" } { 1 "SER" "CSER" }
>>   { 0 "THR" "NTHR" } { 1 "THR" "CTHR" }
>>   { 0 "TRP" "NTRP" } { 1 "TRP" "CTRP" }
>>   { 0 "TYR" "NTYR" } { 1 "TYR" "CTYR" }
>>   { 0 "VAL" "NVAL" } { 1 "VAL" "CVAL" }
>>   { 0 "HIS" "NHIS" } { 1 "HIS" "CHIS" }
>> }
>> 
>> #
>> # assume that most often proteins use HIE
>> #
>> NHIS = NHIE
>> HIS = HIE
>> CHIS = CHIE
> 
> source leaprc.phosaa10
----- Source: /home/biofisica2020/amber20/amber20_src/dat/leap/cmd/leaprc.phosaa10
----- Source of /home/biofisica2020/amber20/amber20_src/dat/leap/cmd/leaprc.phosaa10 done
>> logFile leap.log
log started: Thu May 19 19:38:25 2022

Log file: ./leap.log
>> #
>> # ----- leaprc for loading phosphorylated amino acid residues
>> #
>> # This file contains charges and force field parameters for phosphorylated 
>> # amino acids under the ff99SB protein force field (and related ff94/96/99 
>> # force fields). We recommend that you do *NOT* use these parameters with the 
>> # ff14SB protein force field as the requisite atom types are not present and 
>> # the dihedral potentials will be mismatched. (The Simmerling group hopes to 
>> # release ff14SB-compatible parameters for phosphorylated amino acids later 
>> # in 2016.) Also note that the bond, angle, and dihedral terms are mostly 
>> # generic and taken from analogy with existing terms in parm99.dat. 
>> #
>> # The amino acids loaded by this leaprc file are:
>> #
>> # PTR:   phosphotyrosine with a 2- net charge  (using PDB nomenclature)
>> # SEP:   phosphoserine with a 2- net charge  (using PDB nomenclature)
>> # TPO:   phosphothreonine with a 2- net charge  (using PDB nomenclature)
>> # Y1P:   phosphotyrosine with a 1- net charge  (nonstandard nomenclature)
>> # S1P:   phosphoserine with a 1- net charge  (nonstandard nomenclature)
>> # T1P:   phosphothreonine with a 1- net charge  (nonstandard nomenclature)
>> #
>> # To use these residues, load this file into leap after the Amber force field, 
>> # e.g.:
>> #
>> # > source oldff/leaprc.ff99SB
>> # > source leaprc.phosaa10
>> #
>> # The partial atomic charges come from:
>> #
>> # N. Homeyer, A.H.C. Horn, H. Lanig, and H. Sticht.
>> # AMBER force-field parameters for phosphorylated amino acids in
>> # different protonation states: phosphoserine, phosphothreonine,
>> # phosphotyrosine, and phosphohistidine.
>> # J. Mol. Model. 12:281-289, 2006.
>> #
>> # The phosphate oxygen vdW parameters come from:
>> #
>> # T. Steinbrecher, J. Latzer, and D.A. Case.
>> # Revised AMBER parameters for bioorganic phosphates. 
>> # J. Chem. Theo. Comput. 8:4405-4412, 2012.
>> #
>> #
>> #	Load atom type hybridizations
>> #
>> addAtomTypes {
>> 	{ "OP"  "O" "sp2" }
>> 	{ "OQ"  "O" "sp3" }
>> 	{ "OR"  "O" "sp3" }
>> 	{ "OT"  "O" "sp2" }
>> 	{ "OV"  "O" "sp3" }
>> 	{ "OX"  "O" "sp2" }
>> 	{ "OZ"  "O" "sp3" }
>> }
>> #
>> #	Load the phosphorylated amino acid parameter set
>> #
>> phosaa = loadamberparams frcmod.phosaa10
Loading parameters: /home/biofisica2020/amber20/amber20_src/dat/leap/parm/frcmod.phosaa10
Reading force field modification type file (frcmod)
Reading title:
Bonded parameters and revised vdW parameters for phosphorylated amino acids.
>> #
>> #       Load the phosphorylated amino acid libraries
>> #
>> loadoff phos_amino94.lib
Loading library: /home/biofisica2020/amber20/amber20_src/dat/leap/lib/phos_amino94.lib
Loading: PTR
Loading: S1P
Loading: SEP
Loading: T1P
Loading: TPO
Loading: Y1P
> 
> source leaprc.water.spce
----- Source: /home/biofisica2020/amber20/amber20_src/dat/leap/cmd/leaprc.water.spce
----- Source of /home/biofisica2020/amber20/amber20_src/dat/leap/cmd/leaprc.water.spce done
>> #
>> #       Load water and ions for SPC/E + Joung-Chetham monovalent ions
>> #       + Li/Merz highly charged ions (+2 to +4, 12-6 normal usage set)
>> #
>> addAtomTypes {
>> 	{ "F-"   "F" "sp3" }
>> 	{ "Cl-"  "Cl" "sp3" }
>> 	{ "Br-"  "Br" "sp3" }
>> 	{ "I-"   "I"  "sp3" }
>> 	{ "Li+"  "Li"  "sp3" }
>> 	{ "Na+"  "Na"  "sp3" }
>> 	{ "K+"  "K"  "sp3" }
>> 	{ "Rb+"  "Rb"  "sp3" }
>> 	{ "Cs+"  "Cs"  "sp3" }
>> 	{ "Mg+"  "Mg"  "sp3" }
>>     { "Tl+"  "Tl"  "sp3" }
>>     { "Cu+"  "Cu"  "sp3" }
>>     { "Ag+"  "Ag"  "sp3" }
>>     { "Be2+" "Be"  "sp3" }
>>     { "Cu2+" "Cu"  "sp3" }
>>     { "Ni2+" "Ni"  "sp3" }
>>     { "Pt2+" "Pt"  "sp3" }
>>     { "Zn2+" "Zn"  "sp3" }
>>     { "Co2+" "Co"  "sp3" }
>>     { "Pd2+" "Pd"  "sp3" }
>>     { "Ag2+" "Ag"  "sp3" }
>>     { "Cr2+" "Cr"  "sp3" }
>>     { "Fe2+" "Fe"  "sp3" }
>>     { "Mg2+" "Mg"  "sp3" }
>>     { "V2+"  "V"   "sp3" }
>>     { "Mn2+" "Mn"  "sp3" }
>>     { "Hg2+" "Hg"  "sp3" }
>>     { "Cd2+" "Cd"  "sp3" }
>>     { "Yb2+" "Yb"  "sp3" }
>>     { "Ca2+" "Ca"  "sp3" }
>>     { "Sn2+" "Sn"  "sp3" }
>>     { "Pb2+" "Pb"  "sp3" }
>>     { "Eu2+" "Eu"  "sp3" }
>>     { "Sr2+" "Sr"  "sp3" }
>>     { "Sm2+" "Sm"  "sp3" }
>>     { "Ba2+" "Ba"  "sp3" }
>>     { "Ra2+" "Ra"  "sp3" }
>>     { "Al3+" "Al"  "sp3" }
>>     { "Fe3+" "Fe"  "sp3" }
>>     { "Cr3+" "Cr"  "sp3" }
>>     { "In3+" "In"  "sp3" }
>>     { "Tl3+" "Tl"  "sp3" }
>>     { "Y3+"  "Y"   "sp3" }
>>     { "La3+" "La"  "sp3" }
>>     { "Ce3+" "Ce"  "sp3" }
>>     { "Pr3+" "Pr"  "sp3" }
>>     { "Nd3+" "Nd"  "sp3" }
>>     { "Sm3+" "Sm"  "sp3" }
>>     { "Eu3+" "Eu"  "sp3" }
>>     { "Gd3+" "Gd"  "sp3" }
>>     { "Tb3+" "Tb"  "sp3" }
>>     { "Dy3+" "Dy"  "sp3" }
>>     { "Er3+" "Er"  "sp3" }
>>     { "Tm3+" "Tm"  "sp3" }
>>     { "Lu3+" "Lu"  "sp3" }
>>     { "Hf4+" "Hf"  "sp3" }
>>     { "Zr4+" "Zr"  "sp3" }
>>     { "Ce4+" "Ce"  "sp3" }
>>     { "U4+"  "U"   "sp3" }
>>     { "Pu4+" "Pu"  "sp3" }
>>     { "Th4+" "Th"  "sp3" }
>>     { "OW"   "O"   "sp3" }
>>     { "HW"   "H"   "sp3" }
>> }
>> loadOff atomic_ions.lib
Loading library: /home/biofisica2020/amber20/amber20_src/dat/leap/lib/atomic_ions.lib
Loading: AG
Loading: AL
Loading: Ag
Loading: BA
Loading: BR
Loading: Be
Loading: CA
Loading: CD
Loading: CE
Loading: CL
Loading: CO
Loading: CR
Loading: CS
Loading: CU
Loading: CU1
Loading: Ce
Loading: Cl-
Loading: Cr
Loading: Dy
Loading: EU
Loading: EU3
Loading: Er
Loading: F
Loading: FE
Loading: FE2
Loading: GD3
Loading: H3O+
Loading: HE+
Loading: HG
Loading: HZ+
Loading: Hf
Loading: IN
Loading: IOD
Loading: K
Loading: K+
Loading: LA
Loading: LI
Loading: LU
Loading: MG
Loading: MN
Loading: NA
Loading: NH4
Loading: NI
Loading: Na+
Loading: Nd
Loading: PB
Loading: PD
Loading: PR
Loading: PT
Loading: Pu
Loading: RB
Loading: Ra
Loading: SM
Loading: SR
Loading: Sm
Loading: Sn
Loading: TB
Loading: TL
Loading: Th
Loading: Tl
Loading: Tm
Loading: U4+
Loading: V2+
Loading: Y
Loading: YB2
Loading: ZN
Loading: Zr
>> loadOff solvents.lib
Loading library: /home/biofisica2020/amber20/amber20_src/dat/leap/lib/solvents.lib
Loading: CHCL3BOX
Loading: DC4
Loading: FB3
Loading: FB3BOX
Loading: FB4
Loading: FB4BOX
Loading: MEOHBOX
Loading: NMABOX
Loading: OP3
Loading: OPC
Loading: OPC3BOX
Loading: OPCBOX
Loading: PL3
Loading: POL3BOX
Loading: QSPCFWBOX
Loading: SPC
Loading: SPCBOX
Loading: SPCFWBOX
Loading: SPF
Loading: SPG
Loading: T4E
Loading: TIP3PBOX
Loading: TIP3PFBOX
Loading: TIP4PBOX
Loading: TIP4PEWBOX
Loading: TIP5PBOX
Loading: TP3
Loading: TP4
Loading: TP5
Loading: TPF
>> HOH = SPC
>> WAT = SPC
>> loadAmberParams frcmod.spce
Loading parameters: /home/biofisica2020/amber20/amber20_src/dat/leap/parm/frcmod.spce
Reading force field modification type file (frcmod)
Reading title:
This is the additional/replacement parameter set for SPC/E water
>> loadAmberParams frcmod.ionsjc_spce
Loading parameters: /home/biofisica2020/amber20/amber20_src/dat/leap/parm/frcmod.ionsjc_spce
Reading force field modification type file (frcmod)
Reading title:
Monovalent ion parameters for Ewald and SPC/E water from Joung & Cheatham JPCB (2008)
>> loadAmberParams frcmod.ions234lm_126_spce
Loading parameters: /home/biofisica2020/amber20/amber20_src/dat/leap/parm/frcmod.ions234lm_126_spce
Reading force field modification type file (frcmod)
Reading title:
Li/Merz ion parameters of divalent to tetravalent ions for SPC/E water model (12-6 normal usage set)
>> 
> 
> loadamberprep atp.prep
Loading Prep file: ./atp.prep
Loaded UNIT: atp
> loadamberparams atp.frcmod
Loading parameters: ./atp.frcmod
Reading force field modification type file (frcmod)
Reading title:
#  Modifications to the AMBER94 force field for polyphosphates
> loadoff po3.off
Loading library: ./po3.off
Loading: S2P
> loadamberparams po3.frcmod
Loading parameters: ./po3.frcmod
Reading force field modification type file (frcmod)
Reading title:
# Parameters for SER-PO3 : S2P; N.Homeyer, A.H.C.Horn, H.Lanig, H.Sticht, J. Mol. Model., in press
> mol = loadpdb smad1_alk2_fixed.pdb 

/home/biofisica2020/amber20/amber20_src/bin/teLeap: Fatal Error!
Could not open file smad1_alk2_fixed.pdb: not found

Exiting LEaP: Errors = 1; Warnings = 0; Notes = 0.
log started: Thu May 19 19:39:17 2022

Log file: ./leap.log
>> #
>> # ----- leaprc for loading the ff14SB force field
>> # ----- NOTE: this is designed for PDB format 3!
>> #
>> #	load atom type hybridizations
>> #
>> addAtomTypes {
>> 	{ "H"   "H" "sp3" }
>> 	{ "HO"  "H" "sp3" }
>> 	{ "HS"  "H" "sp3" }
>> 	{ "H1"  "H" "sp3" }
>> 	{ "H2"  "H" "sp3" }
>> 	{ "H3"  "H" "sp3" }
>> 	{ "H4"  "H" "sp3" }
>> 	{ "H5"  "H" "sp3" }
>> 	{ "HW"  "H" "sp3" }
>> 	{ "HC"  "H" "sp3" }
>> 	{ "HA"  "H" "sp3" }
>> 	{ "HP"  "H" "sp3" }
>> 	{ "HZ"  "H" "sp3" }
>> 	{ "OH"  "O" "sp3" }
>> 	{ "OS"  "O" "sp3" }
>> 	{ "O"   "O" "sp2" }
>> 	{ "O2"  "O" "sp2" }
>> 	{ "O" "O" "sp2" }
>>         { "O3" "O" "sp2" }
>>         { "O2" "O" "sp2" }
>>         { "OW" "O" "sp3" }
>>         { "OP"  "O" "sp2" }
>> 	{ "OW"  "O" "sp3" }
>> 	{ "CT"  "C" "sp3" }
>> 	{ "CX"  "C" "sp3" }
>> 	{ "C8"  "C" "sp3" }
>> 	{ "2C"  "C" "sp3" }
>> 	{ "3C"  "C" "sp3" }
>> 	{ "CH"  "C" "sp3" }
>> 	{ "CS"  "C" "sp2" }
>> 	{ "C"   "C" "sp2" }
>> 	{ "CO"   "C" "sp2" }
>> 	{ "C*"  "C" "sp2" }
>> 	{ "CA"  "C" "sp2" }
>> 	{ "CB"  "C" "sp2" }
>> 	{ "CC"  "C" "sp2" }
>> 	{ "CN"  "C" "sp2" }
>> 	{ "CM"  "C" "sp2" }
>> 	{ "CK"  "C" "sp2" }
>> 	{ "CQ"  "C" "sp2" }
>> 	{ "CD"  "C" "sp2" }
>> 	{ "C5"  "C" "sp2" }
>> 	{ "C4"  "C" "sp2" }
>> 	{ "CP"  "C" "sp2" }
>> 	{ "CI"  "C" "sp3" }
>> 	{ "CJ"  "C" "sp2" }
>> 	{ "CW"  "C" "sp2" }
>> 	{ "CV"  "C" "sp2" }
>> 	{ "CR"  "C" "sp2" }
>> 	{ "CA"  "C" "sp2" }
>> 	{ "CY"  "C" "sp2" }
>> 	{ "C0"  "Ca" "sp3" }
>> 	{ "MG"  "Mg" "sp3" }
>> 	{ "N"   "N" "sp2" }
>> 	{ "NA"  "N" "sp2" }
>> 	{ "N2"  "N" "sp2" }
>> 	{ "N*"  "N" "sp2" }
>> 	{ "NP"  "N" "sp2" }
>> 	{ "NQ"  "N" "sp2" }
>> 	{ "NB"  "N" "sp2" }
>> 	{ "NC"  "N" "sp2" }
>> 	{ "NT"  "N" "sp3" }
>> 	{ "NY"  "N" "sp2" }
>> 	{ "N3"  "N" "sp3" }
>> 	{ "S"   "S" "sp3" }
>> 	{ "SH"  "S" "sp3" }
>> 	{ "P"   "P" "sp3" }
>> 	{ "LP"  ""  "sp3" }
>> 	{ "EP"  ""  "sp3" }
>> 	{ "F"   "F" "sp3" }
>> 	{ "Cl"  "Cl" "sp3" }
>> 	{ "Br"  "Br" "sp3" }
>> 	{ "I"   "I"  "sp3" }
>> }
>> #
>> #	Load the main parameter set.
>> #
>> parm10 = loadamberparams parm10.dat
Loading parameters: /home/biofisica2020/amber20/amber20_src/dat/leap/parm/parm10.dat
Reading title:
PARM99 + frcmod.ff99SB + frcmod.parmbsc0 + OL3 for RNA
>> frcmod14SB = loadamberparams frcmod.ff14SB
Loading parameters: /home/biofisica2020/amber20/amber20_src/dat/leap/parm/frcmod.ff14SB
Reading force field modification type file (frcmod)
Reading title:
ff14SB protein backbone and sidechain parameters
>> #
>> #	Load main chain and terminating amino acid libraries
>> #
>> loadOff amino12.lib
Loading library: /home/biofisica2020/amber20/amber20_src/dat/leap/lib/amino12.lib
Loading: ALA
Loading: ARG
Loading: ASH
Loading: ASN
Loading: ASP
Loading: CYM
Loading: CYS
Loading: CYX
Loading: GLH
Loading: GLN
Loading: GLU
Loading: GLY
Loading: HID
Loading: HIE
Loading: HIP
Loading: HYP
Loading: ILE
Loading: LEU
Loading: LYN
Loading: LYS
Loading: MET
Loading: PHE
Loading: PRO
Loading: SER
Loading: THR
Loading: TRP
Loading: TYR
Loading: VAL
>> loadOff aminoct12.lib
Loading library: /home/biofisica2020/amber20/amber20_src/dat/leap/lib/aminoct12.lib
Loading: CALA
Loading: CARG
Loading: CASN
Loading: CASP
Loading: CCYS
Loading: CCYX
Loading: CGLN
Loading: CGLU
Loading: CGLY
Loading: CHID
Loading: CHIE
Loading: CHIP
Loading: CHYP
Loading: CILE
Loading: CLEU
Loading: CLYS
Loading: CMET
Loading: CPHE
Loading: CPRO
Loading: CSER
Loading: CTHR
Loading: CTRP
Loading: CTYR
Loading: CVAL
Loading: NHE
Loading: NME
>> loadOff aminont12.lib
Loading library: /home/biofisica2020/amber20/amber20_src/dat/leap/lib/aminont12.lib
Loading: ACE
Loading: NALA
Loading: NARG
Loading: NASN
Loading: NASP
Loading: NCYS
Loading: NCYX
Loading: NGLN
Loading: NGLU
Loading: NGLY
Loading: NHID
Loading: NHIE
Loading: NHIP
Loading: NILE
Loading: NLEU
Loading: NLYS
Loading: NMET
Loading: NPHE
Loading: NPRO
Loading: NSER
Loading: NTHR
Loading: NTRP
Loading: NTYR
Loading: NVAL
>> 
>> #
>> #	Define the PDB name map for the amino acids
>> #
>> addPdbResMap {
>>   { 0 "HYP" "HYP" } { 1 "HYP" "CHYP" }
>>   { 0 "ALA" "NALA" } { 1 "ALA" "CALA" }
>>   { 0 "ARG" "NARG" } { 1 "ARG" "CARG" }
>>   { 0 "ASN" "NASN" } { 1 "ASN" "CASN" }
>>   { 0 "ASP" "NASP" } { 1 "ASP" "CASP" }
>>   { 0 "CYS" "NCYS" } { 1 "CYS" "CCYS" }
>>   { 0 "CYX" "NCYX" } { 1 "CYX" "CCYX" }
>>   { 0 "GLN" "NGLN" } { 1 "GLN" "CGLN" }
>>   { 0 "GLU" "NGLU" } { 1 "GLU" "CGLU" }
>>   { 0 "GLY" "NGLY" } { 1 "GLY" "CGLY" }
>>   { 0 "HID" "NHID" } { 1 "HID" "CHID" }
>>   { 0 "HIE" "NHIE" } { 1 "HIE" "CHIE" }
>>   { 0 "HIP" "NHIP" } { 1 "HIP" "CHIP" }
>>   { 0 "ILE" "NILE" } { 1 "ILE" "CILE" }
>>   { 0 "LEU" "NLEU" } { 1 "LEU" "CLEU" }
>>   { 0 "LYS" "NLYS" } { 1 "LYS" "CLYS" }
>>   { 0 "MET" "NMET" } { 1 "MET" "CMET" }
>>   { 0 "PHE" "NPHE" } { 1 "PHE" "CPHE" }
>>   { 0 "PRO" "NPRO" } { 1 "PRO" "CPRO" }
>>   { 0 "SER" "NSER" } { 1 "SER" "CSER" }
>>   { 0 "THR" "NTHR" } { 1 "THR" "CTHR" }
>>   { 0 "TRP" "NTRP" } { 1 "TRP" "CTRP" }
>>   { 0 "TYR" "NTYR" } { 1 "TYR" "CTYR" }
>>   { 0 "VAL" "NVAL" } { 1 "VAL" "CVAL" }
>>   { 0 "HIS" "NHIS" } { 1 "HIS" "CHIS" }
>> }
>> 
>> #
>> # assume that most often proteins use HIE
>> #
>> NHIS = NHIE
>> HIS = HIE
>> CHIS = CHIE
> 
> source leaprc.phosaa10
----- Source: /home/biofisica2020/amber20/amber20_src/dat/leap/cmd/leaprc.phosaa10
----- Source of /home/biofisica2020/amber20/amber20_src/dat/leap/cmd/leaprc.phosaa10 done
>> logFile leap.log
log started: Thu May 19 19:39:17 2022

Log file: ./leap.log
>> #
>> # ----- leaprc for loading phosphorylated amino acid residues
>> #
>> # This file contains charges and force field parameters for phosphorylated 
>> # amino acids under the ff99SB protein force field (and related ff94/96/99 
>> # force fields). We recommend that you do *NOT* use these parameters with the 
>> # ff14SB protein force field as the requisite atom types are not present and 
>> # the dihedral potentials will be mismatched. (The Simmerling group hopes to 
>> # release ff14SB-compatible parameters for phosphorylated amino acids later 
>> # in 2016.) Also note that the bond, angle, and dihedral terms are mostly 
>> # generic and taken from analogy with existing terms in parm99.dat. 
>> #
>> # The amino acids loaded by this leaprc file are:
>> #
>> # PTR:   phosphotyrosine with a 2- net charge  (using PDB nomenclature)
>> # SEP:   phosphoserine with a 2- net charge  (using PDB nomenclature)
>> # TPO:   phosphothreonine with a 2- net charge  (using PDB nomenclature)
>> # Y1P:   phosphotyrosine with a 1- net charge  (nonstandard nomenclature)
>> # S1P:   phosphoserine with a 1- net charge  (nonstandard nomenclature)
>> # T1P:   phosphothreonine with a 1- net charge  (nonstandard nomenclature)
>> #
>> # To use these residues, load this file into leap after the Amber force field, 
>> # e.g.:
>> #
>> # > source oldff/leaprc.ff99SB
>> # > source leaprc.phosaa10
>> #
>> # The partial atomic charges come from:
>> #
>> # N. Homeyer, A.H.C. Horn, H. Lanig, and H. Sticht.
>> # AMBER force-field parameters for phosphorylated amino acids in
>> # different protonation states: phosphoserine, phosphothreonine,
>> # phosphotyrosine, and phosphohistidine.
>> # J. Mol. Model. 12:281-289, 2006.
>> #
>> # The phosphate oxygen vdW parameters come from:
>> #
>> # T. Steinbrecher, J. Latzer, and D.A. Case.
>> # Revised AMBER parameters for bioorganic phosphates. 
>> # J. Chem. Theo. Comput. 8:4405-4412, 2012.
>> #
>> #
>> #	Load atom type hybridizations
>> #
>> addAtomTypes {
>> 	{ "OP"  "O" "sp2" }
>> 	{ "OQ"  "O" "sp3" }
>> 	{ "OR"  "O" "sp3" }
>> 	{ "OT"  "O" "sp2" }
>> 	{ "OV"  "O" "sp3" }
>> 	{ "OX"  "O" "sp2" }
>> 	{ "OZ"  "O" "sp3" }
>> }
>> #
>> #	Load the phosphorylated amino acid parameter set
>> #
>> phosaa = loadamberparams frcmod.phosaa10
Loading parameters: /home/biofisica2020/amber20/amber20_src/dat/leap/parm/frcmod.phosaa10
Reading force field modification type file (frcmod)
Reading title:
Bonded parameters and revised vdW parameters for phosphorylated amino acids.
>> #
>> #       Load the phosphorylated amino acid libraries
>> #
>> loadoff phos_amino94.lib
Loading library: /home/biofisica2020/amber20/amber20_src/dat/leap/lib/phos_amino94.lib
Loading: PTR
Loading: S1P
Loading: SEP
Loading: T1P
Loading: TPO
Loading: Y1P
> 
> source leaprc.water.spce
----- Source: /home/biofisica2020/amber20/amber20_src/dat/leap/cmd/leaprc.water.spce
----- Source of /home/biofisica2020/amber20/amber20_src/dat/leap/cmd/leaprc.water.spce done
>> #
>> #       Load water and ions for SPC/E + Joung-Chetham monovalent ions
>> #       + Li/Merz highly charged ions (+2 to +4, 12-6 normal usage set)
>> #
>> addAtomTypes {
>> 	{ "F-"   "F" "sp3" }
>> 	{ "Cl-"  "Cl" "sp3" }
>> 	{ "Br-"  "Br" "sp3" }
>> 	{ "I-"   "I"  "sp3" }
>> 	{ "Li+"  "Li"  "sp3" }
>> 	{ "Na+"  "Na"  "sp3" }
>> 	{ "K+"  "K"  "sp3" }
>> 	{ "Rb+"  "Rb"  "sp3" }
>> 	{ "Cs+"  "Cs"  "sp3" }
>> 	{ "Mg+"  "Mg"  "sp3" }
>>     { "Tl+"  "Tl"  "sp3" }
>>     { "Cu+"  "Cu"  "sp3" }
>>     { "Ag+"  "Ag"  "sp3" }
>>     { "Be2+" "Be"  "sp3" }
>>     { "Cu2+" "Cu"  "sp3" }
>>     { "Ni2+" "Ni"  "sp3" }
>>     { "Pt2+" "Pt"  "sp3" }
>>     { "Zn2+" "Zn"  "sp3" }
>>     { "Co2+" "Co"  "sp3" }
>>     { "Pd2+" "Pd"  "sp3" }
>>     { "Ag2+" "Ag"  "sp3" }
>>     { "Cr2+" "Cr"  "sp3" }
>>     { "Fe2+" "Fe"  "sp3" }
>>     { "Mg2+" "Mg"  "sp3" }
>>     { "V2+"  "V"   "sp3" }
>>     { "Mn2+" "Mn"  "sp3" }
>>     { "Hg2+" "Hg"  "sp3" }
>>     { "Cd2+" "Cd"  "sp3" }
>>     { "Yb2+" "Yb"  "sp3" }
>>     { "Ca2+" "Ca"  "sp3" }
>>     { "Sn2+" "Sn"  "sp3" }
>>     { "Pb2+" "Pb"  "sp3" }
>>     { "Eu2+" "Eu"  "sp3" }
>>     { "Sr2+" "Sr"  "sp3" }
>>     { "Sm2+" "Sm"  "sp3" }
>>     { "Ba2+" "Ba"  "sp3" }
>>     { "Ra2+" "Ra"  "sp3" }
>>     { "Al3+" "Al"  "sp3" }
>>     { "Fe3+" "Fe"  "sp3" }
>>     { "Cr3+" "Cr"  "sp3" }
>>     { "In3+" "In"  "sp3" }
>>     { "Tl3+" "Tl"  "sp3" }
>>     { "Y3+"  "Y"   "sp3" }
>>     { "La3+" "La"  "sp3" }
>>     { "Ce3+" "Ce"  "sp3" }
>>     { "Pr3+" "Pr"  "sp3" }
>>     { "Nd3+" "Nd"  "sp3" }
>>     { "Sm3+" "Sm"  "sp3" }
>>     { "Eu3+" "Eu"  "sp3" }
>>     { "Gd3+" "Gd"  "sp3" }
>>     { "Tb3+" "Tb"  "sp3" }
>>     { "Dy3+" "Dy"  "sp3" }
>>     { "Er3+" "Er"  "sp3" }
>>     { "Tm3+" "Tm"  "sp3" }
>>     { "Lu3+" "Lu"  "sp3" }
>>     { "Hf4+" "Hf"  "sp3" }
>>     { "Zr4+" "Zr"  "sp3" }
>>     { "Ce4+" "Ce"  "sp3" }
>>     { "U4+"  "U"   "sp3" }
>>     { "Pu4+" "Pu"  "sp3" }
>>     { "Th4+" "Th"  "sp3" }
>>     { "OW"   "O"   "sp3" }
>>     { "HW"   "H"   "sp3" }
>> }
>> loadOff atomic_ions.lib
Loading library: /home/biofisica2020/amber20/amber20_src/dat/leap/lib/atomic_ions.lib
Loading: AG
Loading: AL
Loading: Ag
Loading: BA
Loading: BR
Loading: Be
Loading: CA
Loading: CD
Loading: CE
Loading: CL
Loading: CO
Loading: CR
Loading: CS
Loading: CU
Loading: CU1
Loading: Ce
Loading: Cl-
Loading: Cr
Loading: Dy
Loading: EU
Loading: EU3
Loading: Er
Loading: F
Loading: FE
Loading: FE2
Loading: GD3
Loading: H3O+
Loading: HE+
Loading: HG
Loading: HZ+
Loading: Hf
Loading: IN
Loading: IOD
Loading: K
Loading: K+
Loading: LA
Loading: LI
Loading: LU
Loading: MG
Loading: MN
Loading: NA
Loading: NH4
Loading: NI
Loading: Na+
Loading: Nd
Loading: PB
Loading: PD
Loading: PR
Loading: PT
Loading: Pu
Loading: RB
Loading: Ra
Loading: SM
Loading: SR
Loading: Sm
Loading: Sn
Loading: TB
Loading: TL
Loading: Th
Loading: Tl
Loading: Tm
Loading: U4+
Loading: V2+
Loading: Y
Loading: YB2
Loading: ZN
Loading: Zr
>> loadOff solvents.lib
Loading library: /home/biofisica2020/amber20/amber20_src/dat/leap/lib/solvents.lib
Loading: CHCL3BOX
Loading: DC4
Loading: FB3
Loading: FB3BOX
Loading: FB4
Loading: FB4BOX
Loading: MEOHBOX
Loading: NMABOX
Loading: OP3
Loading: OPC
Loading: OPC3BOX
Loading: OPCBOX
Loading: PL3
Loading: POL3BOX
Loading: QSPCFWBOX
Loading: SPC
Loading: SPCBOX
Loading: SPCFWBOX
Loading: SPF
Loading: SPG
Loading: T4E
Loading: TIP3PBOX
Loading: TIP3PFBOX
Loading: TIP4PBOX
Loading: TIP4PEWBOX
Loading: TIP5PBOX
Loading: TP3
Loading: TP4
Loading: TP5
Loading: TPF
>> HOH = SPC
>> WAT = SPC
>> loadAmberParams frcmod.spce
Loading parameters: /home/biofisica2020/amber20/amber20_src/dat/leap/parm/frcmod.spce
Reading force field modification type file (frcmod)
Reading title:
This is the additional/replacement parameter set for SPC/E water
>> loadAmberParams frcmod.ionsjc_spce
Loading parameters: /home/biofisica2020/amber20/amber20_src/dat/leap/parm/frcmod.ionsjc_spce
Reading force field modification type file (frcmod)
Reading title:
Monovalent ion parameters for Ewald and SPC/E water from Joung & Cheatham JPCB (2008)
>> loadAmberParams frcmod.ions234lm_126_spce
Loading parameters: /home/biofisica2020/amber20/amber20_src/dat/leap/parm/frcmod.ions234lm_126_spce
Reading force field modification type file (frcmod)
Reading title:
Li/Merz ion parameters of divalent to tetravalent ions for SPC/E water model (12-6 normal usage set)
>> 
> 
> loadamberprep atp.prep
Loading Prep file: ./atp.prep
Loaded UNIT: atp
> loadamberparams atp.frcmod
Loading parameters: ./atp.frcmod
Reading force field modification type file (frcmod)
Reading title:
#  Modifications to the AMBER94 force field for polyphosphates
> loadoff po3.off
Loading library: ./po3.off
Loading: S2P
> loadamberparams po3.frcmod
Loading parameters: ./po3.frcmod
Reading force field modification type file (frcmod)
Reading title:
# Parameters for SER-PO3 : S2P; N.Homeyer, A.H.C.Horn, H.Lanig, H.Sticht, J. Mol. Model., in press
> mol = loadpdb alk2_fkbp12_fixed.pdb 
Loading PDB file: ./alk2_fkbp12_fixed.pdb
Matching PDB residue names to LEaP variables.
Mapped residue SER, term: Terminal/beginning, seq. number: 0 to: NSER.
Mapped residue GLU, term: Terminal/last, seq. number: 442 to: CGLU.
Created a new atom named: OXT within residue: .R<ASP 334>
Created a new atom named: H1 within residue: .R<SER 335>
Created a new atom named: H2 within residue: .R<SER 335>
Created a new atom named: H3 within residue: .R<SER 335>
  total atoms in file: 6989
  Leap added 1 missing atom according to residue templates:
       1 H / lone pairs
  The file contained 4 atoms not in residue templates
> solvatebox mol SPCBOX 12
 (using default radius 1.500000 for OXT)
  Solute vdw bounding box:              54.799 92.397 54.438
  Total bounding box for atom centers:  78.799 116.397 78.438
  Solvent unit box:                     18.774 18.774 18.774
The number of boxes:  x= 5  y= 7  z= 5
 (using default radius 1.500000 for OXT)
  Total vdw box size:                   82.103 119.260 81.737 angstroms.
  Volume: 800336.757 A^3 
  Mass > 404664.206 amu,  Density > 0.840 g/cc
      (type - hence mass - of one or more atoms could not be found)
  Added 19685 residues.
> addions mol Na+ 0 
4 Na+ ions required to neutralize.
Adding 4 counter ions to "mol" using 1A grid
Used default radius  1.50 for 4 atoms
Total solute charge:  -4.00  Max atom radius:   2.10
Grid extends from solute vdw + 1.21  to  7.31
Box:
   enclosing:  -33.36 -52.46 -32.87   33.18 52.01 33.04
   sized:			      94.64 75.54 95.13
   edge:        128.00
Resolution:      1.00 Angstrom.
Tree depth: 7
Volume =  4.17% of box, grid points 87534
Solvent present: replacing closest with ion
	 when steric overlaps occur
Calculating grid charges
(No solvent overlap)
Placed Na+ in mol at (6.64, -9.46, -1.87).
(No solvent overlap)
Placed Na+ in mol at (7.64, -3.46, -6.87).
(No solvent overlap)
Placed Na+ in mol at (1.64, 0.54, 2.13).
(Replacing solvent molecule)
Placed Na+ in mol at (10.67, -11.99, 7.03).

Done adding ions.
> savepdb mol alk2smad1_solv.pdb
Writing pdb file: alk2smad1_solv.pdb
   printing CRYST1 record to PDB file with box info

/home/biofisica2020/amber20/amber20_src/bin/teLeap: Warning!
 Converting N-terminal residue name to PDB format: NSER -> SER

/home/biofisica2020/amber20/amber20_src/bin/teLeap: Warning!
 Converting C-terminal residue name to PDB format: CGLU -> GLU
> saveamberparm mol alk2smad1.prmtop alk2smad1.inpcrd
Checking Unit.

/home/biofisica2020/amber20/amber20_src/bin/teLeap: Warning!
There is a bond of 73.483 angstroms between C and N atoms:
-------  .R<ASP 334>.A<C 11> and .R<SER 335>.A<N 1>
FATAL:  Atom .R<ASP 334>.A<OXT 13> does not have a type.
FATAL:  Atom .R<SER 335>.A<H1 12> does not have a type.
FATAL:  Atom .R<SER 335>.A<H2 13> does not have a type.
FATAL:  Atom .R<SER 335>.A<H3 14> does not have a type.

/home/biofisica2020/amber20/amber20_src/bin/teLeap: Fatal Error!
Failed to generate parameters

Exiting LEaP: Errors = 1; Warnings = 3; Notes = 0.
